<?xml version="1.0" encoding="UTF-8"?>
<testng-results skipped="0" failed="0" ignored="0" total="1" passed="1">
  <reporter-output>
  </reporter-output>
  <suite name="Test Practice 1" duration-ms="28005" started-at="2021-05-18T19:58:48Z" finished-at="2021-05-18T19:59:16Z">
    <groups>
    </groups>
    <test name="Practice_1" duration-ms="28005" started-at="2021-05-18T19:58:48Z" finished-at="2021-05-18T19:59:16Z">
      <class name="TestCases.TestCase_DragDrop">
        <test-method status="PASS" signature="setup()[pri:0, instance:TestCases.TestCase_DragDrop@2c104774]" name="setup" is-config="true" duration-ms="10773" started-at="2021-05-19T01:28:48Z" finished-at="2021-05-19T01:28:59Z">
          <reporter-output>
          </reporter-output>
        </test-method> <!-- setup -->
        <test-method status="PASS" signature="DragAndDrop()[pri:0, instance:TestCases.TestCase_DragDrop@2c104774]" name="DragAndDrop" duration-ms="17070" started-at="2021-05-19T01:28:59Z" finished-at="2021-05-19T01:29:16Z">
          <reporter-output>
          </reporter-output>
        </test-method> <!-- DragAndDrop -->
      </class> <!-- TestCases.TestCase_DragDrop -->
    </test> <!-- Practice_1 -->
  </suite> <!-- Test Practice 1 -->
</testng-results>
